{"level":"info","time":"2025-05-09T13:45:33.176+0800","caller":"server/main.go:35","message":"Starting content risk control service..."}
{"level":"warn","time":"2025-05-09T13:45:33.232+0800","caller":"service/content_check.go:59","message":"Failed to connect to Redis: ERR AUTH <password> called without any password configured for the default user. Are you sure your configuration is correct?, will proceed without cache"}
{"level":"info","time":"2025-05-09T13:45:33.233+0800","caller":"service/rule_engine.go:104","message":"Loaded 4 rules from ./config/rules.json"}
{"level":"info","time":"2025-05-09T13:45:33.233+0800","caller":"service/sensitive_words.go:59","message":"Loaded 22 sensitive words"}
{"level":"info","time":"2025-05-09T13:45:33.251+0800","caller":"service/content_check.go:127","message":"Local semantic NLP detector initialized successfully"}
[GIN-debug] [WARNING] Creating an Engine instance with the Logger and Recovery middleware already attached.

[GIN-debug] [WARNING] Running in "debug" mode. Switch to "release" mode in production.
 - using env:	export GIN_MODE=release
 - using code:	gin.SetMode(gin.ReleaseMode)

[GIN-debug] POST   /api/v1/check             --> github.com/aa12gq/content-risk-control/internal/app/service.(*HTTPServer).CheckContent-fm (3 handlers)
[GIN-debug] POST   /api/v1/batch_check       --> github.com/aa12gq/content-risk-control/internal/app/service.(*HTTPServer).BatchCheckContent-fm (3 handlers)
[GIN-debug] POST   /api/v1/check_with_context --> github.com/aa12gq/content-risk-control/internal/app/service.(*HTTPServer).CheckContentWithContext-fm (3 handlers)
[GIN-debug] GET    /api/v1/health            --> github.com/aa12gq/content-risk-control/internal/app/service.(*HTTPServer).HealthCheck-fm (3 handlers)
{"level":"info","time":"2025-05-09T13:45:33.252+0800","caller":"server/main.go:84","message":"gRPC server started on port 50051"}
{"level":"info","time":"2025-05-09T13:45:33.252+0800","caller":"server/main.go:97","message":"HTTP server started on port 8080"}
[GIN] 2025/05/09 - 13:45:58 | 200 |      146.75µs |             ::1 | GET      "/api/v1/health"
{"level":"warn","time":"2025-05-09T13:45:58.803+0800","caller":"service/content_check.go:319","message":"Detector ai failed: failed to send AI request: Post \"http://localhost:8000\": dial tcp [::1]:8000: connect: connection refused"}
{"level":"error","time":"2025-05-09T13:46:20.112+0800","caller":"service/content_check.go:449","message":"Failed to cache check result: ERR AUTH <password> called without any password configured for the default user. Are you sure your configuration is correct?"}
[GIN] 2025/05/09 - 13:46:20 | 200 | 21.379308667s |             ::1 | POST     "/api/v1/check"
{"level":"warn","time":"2025-05-09T13:46:20.210+0800","caller":"service/content_check.go:319","message":"Detector ai failed: failed to send AI request: Post \"http://localhost:8000\": dial tcp [::1]:8000: connect: connection refused"}
[GIN] 2025/05/09 - 13:46:20 | 200 |   61.903875ms |             ::1 | POST     "/api/v1/check"
[GIN] 2025/05/09 - 13:46:20 | 400 |     453.166µs |             ::1 | POST     "/api/v1/check_with_context"
[GIN] 2025/05/09 - 13:47:09 | 200 |     1.13675ms |             ::1 | GET      "/api/v1/health"
{"level":"warn","time":"2025-05-09T13:47:09.843+0800","caller":"service/content_check.go:319","message":"Detector ai failed: failed to send AI request: Post \"http://localhost:8000\": dial tcp [::1]:8000: connect: connection refused"}
{"level":"error","time":"2025-05-09T13:47:09.900+0800","caller":"service/content_check.go:449","message":"Failed to cache check result: ERR AUTH <password> called without any password configured for the default user. Are you sure your configuration is correct?"}
[GIN] 2025/05/09 - 13:47:09 | 200 |  116.183375ms |             ::1 | POST     "/api/v1/check"
{"level":"warn","time":"2025-05-09T13:47:09.973+0800","caller":"service/content_check.go:319","message":"Detector ai failed: failed to send AI request: Post \"http://localhost:8000\": dial tcp [::1]:8000: connect: connection refused"}
[GIN] 2025/05/09 - 13:47:09 | 200 |    60.09575ms |             ::1 | POST     "/api/v1/check"
{"level":"warn","time":"2025-05-09T13:47:09.992+0800","caller":"service/content_check.go:319","message":"Detector ai failed: failed to send AI request: Post \"http://localhost:8000\": dial tcp [::1]:8000: connect: connection refused"}
[GIN] 2025/05/09 - 13:47:09 | 200 |    1.331084ms |             ::1 | POST     "/api/v1/check_with_context"
